1: /*** Delimiters ***/
<,>
<;>
<:>
<(>
<)>
<[>
<]>
<(>
<)>
<[>
<]>
2: , ; : ( ) [ ] () []
3: 
4: /*** Arithmetic, Relational, and　Logical Operators ***/
<+>
<->
<*>
</>
<mod>
<:=>
<<>
<<=>
<<>>
<>=>
<>>
<=>
<and>
<or>
<not>
5: + - * / mod := < <= <> >= > = and or not
6: 
7: /*** Keywords ***/
<KWarray>
<KWbegin>
<KWboolean>
<KWdef>
<KWdo>
<KWelse>
<KWend>
<KWfalse>
<KWfor>
8: array begin boolean def do else end false for
<KWinteger>
<KWif>
<KWof>
<KWprint>
<KWread>
<KWreal>
<KWstring>
<KWthen>
9: integer if of print read real string then
<KWto>
<KWtrue>
<KWreturn>
<KWvar>
<KWwhile>
10: to true return var while
11: 
12: /*** Identifiers ***/
<id: ident>
<id: Ident>
<id: uuw2>
13: ident Ident uuw2
<id: o1234>
<id: R9283>
<id: A0>
14: o1234 R9283 A0
15: 
16: /*** Integer Constants ***/
<integer: 1233>
<integer: 5678>
<integer: 9012>
<integer: 9990>
17: 1233 5678 9012 9990
<integer: 0>
<->
<integer: 120>
<->
<integer: 0>
18: 0    -120 -0
<oct_integer: 0234>
<oct_integer: 0123>
<oct_integer: 0666>
<oct_integer: 0770>
19: 0234 0123 0666 0770
<->
<oct_integer: 012>
<oct_integer: 00>
<oct_integer: 0000>
20: -012 00   0000
21: 
22: /*** Floating-Point Constants ***/
<float: 123.456>
<float: 789.012>
23: 123.456 789.012
<float: 0.01234>
<float: 0.0>
24: 0.01234 0.0
<->
<float: 12.777>
<->
<float: 123.01>
25: -12.777 -123.01
26: 
27: /*** Scientific Notations ***/
<scientific: 1.23E4>
<scientific: 1.2E+3>
<scientific: 1.2E-3>
28: 1.23E4 1.2E+3 1.2E-3
<scientific: 1234e5>
<scientific: 123e+5>
<scientific: 123e-5>
29: 1234e5 123e+5 123e-5
<scientific: 0E0>
<scientific: 0.04E3>
<scientific: 0.0e-8>
30: 0E0    0.04E3 0.0e-8
31: 
32: /*** String Constants ***/
<string: qwe123e tt>
<string: 1234>
<string: 123.456>
33: "qwe123e tt" "1234" "123.456"
<string: A _ A>
<string: aa"bb>
<string: __^^__>
34: "A _ A" "aa""bb" "__^^__"
<string:  " "_"" >
35: " "" ""_"""" "
36: 
37: /*** Whitespace ***/
<string: space->>
<string: <-space>
38: "space->"               "<-space"
<string:   tab->>
<string: <-tab  >
39: "  tab->"		"<-tab  "
40: 
41: /*** Comments ***/
42: // test comment (basic)
43: /*
44: multiple
45:  line
46:   comments (basic)
47: */
48: // this is a comment // line */ /* with some /* delimiters */ before the end
49: /* this is a comment // line with some /* and
50: // delimiters */
51: 
52: /*** Pseudocomments ***/
53: //&T-
54: these tokens should not response
55: //&T+
<KWreturn>
<KWto>
<id: show>
<id: tokens>
56: return to show tokens
<id: see>
<id: me>
<id: see>
<id: you>
<id: can>
<not>
<id: see>
<id: can>
<not>
<id: find>
63: //&S+
64: 
65:  
