終端機在文法中未使用

   KWdef


文法

    0 $accept: program $end

    1 program_name: IDENT

    2 var_name: IDENT

    3 func_name: IDENT

    4 number_const: OCTAL
    5             | INTEGER
    6             | FLOAT
    7             | SCIENTIFIC

    8 string_const: STRING

    9 bool_const: KWtrue
   10           | KWfalse

   11 const_group: number_const
   12            | string_const
   13            | bool_const

   14 scalar_type: KWinteger
   15            | KWreal
   16            | KWstring
   17            | KWboolean

   18 var_type: scalar_type

   19 func_ret_type: COLON scalar_type
   20              | %empty

   21 vacd_list: define_var vacd_list
   22          | define_array vacd_list
   23          | define_const vacd_list
   24          | %empty

   25 var_list: var_name COMMA var_list
   26         | var_name

   27 ddim_list: KWarray INTEGER KWto INTEGER KWof ddim_list
   28          | KWarray INTEGER KWto INTEGER KWof

   29 dfunc_list: define_func dfunc_list
   30           | %empty

   31 arg_list: define_arg SEMICOLON arg_list
   32         | define_arg
   33         | %empty

   34 state_list: define_state state_list
   35           | %empty

   36 expr_list: expression_node COMMA expr_list
   37          | expression_node
   38          | %empty

   39 ref_list: Lbracket expression_node Rbracket ref_list
   40         | Lbracket expression_node Rbracket

   41 expression: expr_order8

   42 expr_order8: expr_order8 TF_OR expr_order7
   43            | expr_order7

   44 expr_order7: expr_order7 TF_AND expr_order6
   45            | expr_order6

   46 expr_order6: TF_NOT expr_order5
   47            | expr_order5

   48 expr_order5: expr_order4 OP_LT expr_order5
   49            | expr_order4 OP_LE expr_order5
   50            | expr_order4 OP_GT expr_order5
   51            | expr_order4 OP_GE expr_order5
   52            | expr_order4 OP_EQ expr_order5
   53            | expr_order4 OP_NE expr_order5
   54            | expr_order4

   55 expr_order4: expr_order4 OP_ADD expr_order3
   56            | expr_order4 OP_DEL expr_order3
   57            | expr_order3

   58 expr_order3: expr_order3 OP_MUL expr_order2
   59            | expr_order3 OP_DIV expr_order2
   60            | expr_order3 OP_MOD expr_order2
   61            | expr_order2

   62 expr_order2: OP_DEL expr_order1
   63            | expr_order1

   64 expr_order1: Lparenthese expression Rparenthese
   65            | func_invocation
   66            | var_reference
   67            | const_group

   68 define_var: KWvar var_list COLON var_type SEMICOLON

   69 define_array: KWvar var_list COLON ddim_list var_type SEMICOLON

   70 define_const: KWvar var_list COLON const_group SEMICOLON

   71 define_func: func_name Lparenthese arg_list Rparenthese func_ret_type SEMICOLON compound_statement KWend IDENT

   72 define_arg: var_list COLON var_type

   73 define_state: compound_statement
   74             | simp_statement SEMICOLON
   75             | cond_statement
   76             | whil_statement
   77             | for__statement
   78             | ret__statement SEMICOLON
   79             | func_invocation SEMICOLON

   80 simp_statement: var_reference ASSIGNMENT expression_node
   81               | KWprint expression_node
   82               | KWread var_reference

   83 var_reference: var_name
   84              | var_name ref_list

   85 func_invocation: func_name Lparenthese expr_list Rparenthese

   86 ret__statement: KWreturn expression_node

   87 expression_node: expression_start expression

   88 expression_start: %empty

   89 cond_statement: cond_start KWif expression_node KWthen statement_declar cond_midd KWelse statement_declar KWend KWif
   90               | cond_start KWif expression_node KWthen statement_declar KWend KWif

   91 cond_start: %empty

   92 cond_midd: %empty

   93 whil_statement: while_start KWwhile expression_node KWdo statement_declar KWend KWdo

   94 while_start: %empty

   95 for__statement: for_start KWfor IDENT ASSIGNMENT number_const KWto number_const KWdo statement_declar KWend KWdo

   96 for_start: %empty

   97 statement_declar: statement_start state_list

   98 statement_start: %empty

   99 var_and_const_declar: vacd_start vacd_list

  100 vacd_start: %empty

  101 function_declar: dfunc_start dfunc_list

  102 dfunc_start: %empty

  103 compound_statement: compound_statement_start KWbegin var_and_const_declar statement_declar KWend

  104 compound_statement_start: %empty

  105 program: prog_start program_name SEMICOLON program_body KWend IDENT

  106 prog_start: %empty

  107 program_body: program_body_start var_and_const_declar function_declar compound_statement

  108 program_body_start: %empty


終結語詞，附有它們出現處的規則

$end (0) 0
error (256)
COMMA (258) 25 36
SEMICOLON (259) 31 68 69 70 71 74 78 79 105
COLON (260) 19 68 69 70 72
Lparenthese (261) 64 71 85
Rparenthese (262) 64 71 85
Lbracket (263) 39 40
Rbracket (264) 39 40
ASSIGNMENT (265) 80 95
OP_ADD (266) 55
OP_DEL (267) 56 62
OP_MUL (268) 58
OP_DIV (269) 59
OP_MOD (270) 60
OP_LT (271) 48
OP_LE (272) 49
OP_GT (273) 50
OP_GE (274) 51
OP_EQ (275) 52
OP_NE (276) 53
TF_AND (277) 44
TF_OR (278) 42
TF_NOT (279) 46
KWarray (280) 27 28
KWbegin (281) 103
KWboolean (282) 17
KWdef (283)
KWdo (284) 93 95
KWelse (285) 89
KWend (286) 71 89 90 93 95 103 105
KWfalse (287) 10
KWfor (288) 95
KWinteger (289) 14
KWif (290) 89 90
KWof (291) 27 28
KWprint (292) 81
KWread (293) 82
KWreal (294) 15
KWstring (295) 16
KWthen (296) 89 90
KWto (297) 27 28 95
KWtrue (298) 9
KWreturn (299) 86
KWvar (300) 68 69 70
KWwhile (301) 93
OCTAL (302) 4
INTEGER (303) 5 27 28
FLOAT (304) 6
SCIENTIFIC (305) 7
STRING (306) 8
IDENT (307) 1 2 3 71 95 105


非終結語詞，附有它們出現處的規則

$accept (53)
    於左側： 0
program_name (54)
    於左側： 1, 於右側： 105
var_name (55)
    於左側： 2, 於右側： 25 26 83 84
func_name (56)
    於左側： 3, 於右側： 71 85
number_const (57)
    於左側： 4 5 6 7, 於右側： 11 95
string_const (58)
    於左側： 8, 於右側： 12
bool_const (59)
    於左側： 9 10, 於右側： 13
const_group (60)
    於左側： 11 12 13, 於右側： 67 70
scalar_type (61)
    於左側： 14 15 16 17, 於右側： 18 19
var_type (62)
    於左側： 18, 於右側： 68 69 72
func_ret_type (63)
    於左側： 19 20, 於右側： 71
vacd_list (64)
    於左側： 21 22 23 24, 於右側： 21 22 23 99
var_list (65)
    於左側： 25 26, 於右側： 25 68 69 70 72
ddim_list (66)
    於左側： 27 28, 於右側： 27 69
dfunc_list (67)
    於左側： 29 30, 於右側： 29 101
arg_list (68)
    於左側： 31 32 33, 於右側： 31 71
state_list (69)
    於左側： 34 35, 於右側： 34 97
expr_list (70)
    於左側： 36 37 38, 於右側： 36 85
ref_list (71)
    於左側： 39 40, 於右側： 39 84
expression (72)
    於左側： 41, 於右側： 64 87
expr_order8 (73)
    於左側： 42 43, 於右側： 41 42
expr_order7 (74)
    於左側： 44 45, 於右側： 42 43 44
expr_order6 (75)
    於左側： 46 47, 於右側： 44 45
expr_order5 (76)
    於左側： 48 49 50 51 52 53 54, 於右側： 46 47 48 49 50
    51 52 53
expr_order4 (77)
    於左側： 55 56 57, 於右側： 48 49 50 51 52 53 54 55 56
expr_order3 (78)
    於左側： 58 59 60 61, 於右側： 55 56 57 58 59 60
expr_order2 (79)
    於左側： 62 63, 於右側： 58 59 60 61
expr_order1 (80)
    於左側： 64 65 66 67, 於右側： 62 63
define_var (81)
    於左側： 68, 於右側： 21
define_array (82)
    於左側： 69, 於右側： 22
define_const (83)
    於左側： 70, 於右側： 23
define_func (84)
    於左側： 71, 於右側： 29
define_arg (85)
    於左側： 72, 於右側： 31 32
define_state (86)
    於左側： 73 74 75 76 77 78 79, 於右側： 34
simp_statement (87)
    於左側： 80 81 82, 於右側： 74
var_reference (88)
    於左側： 83 84, 於右側： 66 80 82
func_invocation (89)
    於左側： 85, 於右側： 65 79
ret__statement (90)
    於左側： 86, 於右側： 78
expression_node (91)
    於左側： 87, 於右側： 36 37 39 40 80 81 86 89 90 93
expression_start (92)
    於左側： 88, 於右側： 87
cond_statement (93)
    於左側： 89 90, 於右側： 75
cond_start (94)
    於左側： 91, 於右側： 89 90
cond_midd (95)
    於左側： 92, 於右側： 89
whil_statement (96)
    於左側： 93, 於右側： 76
while_start (97)
    於左側： 94, 於右側： 93
for__statement (98)
    於左側： 95, 於右側： 77
for_start (99)
    於左側： 96, 於右側： 95
statement_declar (100)
    於左側： 97, 於右側： 89 90 93 95 103
statement_start (101)
    於左側： 98, 於右側： 97
var_and_const_declar (102)
    於左側： 99, 於右側： 103 107
vacd_start (103)
    於左側： 100, 於右側： 99
function_declar (104)
    於左側： 101, 於右側： 107
dfunc_start (105)
    於左側： 102, 於右側： 101
compound_statement (106)
    於左側： 103, 於右側： 71 73 107
compound_statement_start (107)
    於左側： 104, 於右側： 103
program (108)
    於左側： 105, 於右側： 0
prog_start (109)
    於左側： 106, 於右側： 105
program_body (110)
    於左側： 107, 於右側： 105
program_body_start (111)
    於左側： 108, 於右側： 107


狀態 0

    0 $accept: . program $end

    $預設  使用規則 106 以縮減 (prog_start)

    program     進入狀態 1
    prog_start  進入狀態 2


狀態 1

    0 $accept: program . $end

    $end  偏移，並進入狀態 3


狀態 2

  105 program: prog_start . program_name SEMICOLON program_body KWend IDENT

    IDENT  偏移，並進入狀態 4

    program_name  進入狀態 5


狀態 3

    0 $accept: program $end .

    $預設  接受


狀態 4

    1 program_name: IDENT .

    $預設  使用規則 1 以縮減 (program_name)


狀態 5

  105 program: prog_start program_name . SEMICOLON program_body KWend IDENT

    SEMICOLON  偏移，並進入狀態 6


狀態 6

  105 program: prog_start program_name SEMICOLON . program_body KWend IDENT

    $預設  使用規則 108 以縮減 (program_body_start)

    program_body        進入狀態 7
    program_body_start  進入狀態 8


狀態 7

  105 program: prog_start program_name SEMICOLON program_body . KWend IDENT

    KWend  偏移，並進入狀態 9


狀態 8

  107 program_body: program_body_start . var_and_const_declar function_declar compound_statement

    $預設  使用規則 100 以縮減 (vacd_start)

    var_and_const_declar  進入狀態 10
    vacd_start            進入狀態 11


狀態 9

  105 program: prog_start program_name SEMICOLON program_body KWend . IDENT

    IDENT  偏移，並進入狀態 12


狀態 10

  107 program_body: program_body_start var_and_const_declar . function_declar compound_statement

    $預設  使用規則 102 以縮減 (dfunc_start)

    function_declar  進入狀態 13
    dfunc_start      進入狀態 14


狀態 11

   99 var_and_const_declar: vacd_start . vacd_list

    KWvar  偏移，並進入狀態 15

    $預設  使用規則 24 以縮減 (vacd_list)

    vacd_list     進入狀態 16
    define_var    進入狀態 17
    define_array  進入狀態 18
    define_const  進入狀態 19


狀態 12

  105 program: prog_start program_name SEMICOLON program_body KWend IDENT .

    $預設  使用規則 105 以縮減 (program)


狀態 13

  107 program_body: program_body_start var_and_const_declar function_declar . compound_statement

    $預設  使用規則 104 以縮減 (compound_statement_start)

    compound_statement        進入狀態 20
    compound_statement_start  進入狀態 21


狀態 14

  101 function_declar: dfunc_start . dfunc_list

    IDENT  偏移，並進入狀態 22

    $預設  使用規則 30 以縮減 (dfunc_list)

    func_name    進入狀態 23
    dfunc_list   進入狀態 24
    define_func  進入狀態 25


狀態 15

   68 define_var: KWvar . var_list COLON var_type SEMICOLON
   69 define_array: KWvar . var_list COLON ddim_list var_type SEMICOLON
   70 define_const: KWvar . var_list COLON const_group SEMICOLON

    IDENT  偏移，並進入狀態 26

    var_name  進入狀態 27
    var_list  進入狀態 28


狀態 16

   99 var_and_const_declar: vacd_start vacd_list .

    $預設  使用規則 99 以縮減 (var_and_const_declar)


狀態 17

   21 vacd_list: define_var . vacd_list

    KWvar  偏移，並進入狀態 15

    $預設  使用規則 24 以縮減 (vacd_list)

    vacd_list     進入狀態 29
    define_var    進入狀態 17
    define_array  進入狀態 18
    define_const  進入狀態 19


狀態 18

   22 vacd_list: define_array . vacd_list

    KWvar  偏移，並進入狀態 15

    $預設  使用規則 24 以縮減 (vacd_list)

    vacd_list     進入狀態 30
    define_var    進入狀態 17
    define_array  進入狀態 18
    define_const  進入狀態 19


狀態 19

   23 vacd_list: define_const . vacd_list

    KWvar  偏移，並進入狀態 15

    $預設  使用規則 24 以縮減 (vacd_list)

    vacd_list     進入狀態 31
    define_var    進入狀態 17
    define_array  進入狀態 18
    define_const  進入狀態 19


狀態 20

  107 program_body: program_body_start var_and_const_declar function_declar compound_statement .

    $預設  使用規則 107 以縮減 (program_body)


狀態 21

  103 compound_statement: compound_statement_start . KWbegin var_and_const_declar statement_declar KWend

    KWbegin  偏移，並進入狀態 32


狀態 22

    3 func_name: IDENT .

    $預設  使用規則 3 以縮減 (func_name)


狀態 23

   71 define_func: func_name . Lparenthese arg_list Rparenthese func_ret_type SEMICOLON compound_statement KWend IDENT

    Lparenthese  偏移，並進入狀態 33


狀態 24

  101 function_declar: dfunc_start dfunc_list .

    $預設  使用規則 101 以縮減 (function_declar)


狀態 25

   29 dfunc_list: define_func . dfunc_list

    IDENT  偏移，並進入狀態 22

    $預設  使用規則 30 以縮減 (dfunc_list)

    func_name    進入狀態 23
    dfunc_list   進入狀態 34
    define_func  進入狀態 25


狀態 26

    2 var_name: IDENT .

    $預設  使用規則 2 以縮減 (var_name)


狀態 27

   25 var_list: var_name . COMMA var_list
   26         | var_name .

    COMMA  偏移，並進入狀態 35

    $預設  使用規則 26 以縮減 (var_list)


狀態 28

   68 define_var: KWvar var_list . COLON var_type SEMICOLON
   69 define_array: KWvar var_list . COLON ddim_list var_type SEMICOLON
   70 define_const: KWvar var_list . COLON const_group SEMICOLON

    COLON  偏移，並進入狀態 36


狀態 29

   21 vacd_list: define_var vacd_list .

    $預設  使用規則 21 以縮減 (vacd_list)


狀態 30

   22 vacd_list: define_array vacd_list .

    $預設  使用規則 22 以縮減 (vacd_list)


狀態 31

   23 vacd_list: define_const vacd_list .

    $預設  使用規則 23 以縮減 (vacd_list)


狀態 32

  103 compound_statement: compound_statement_start KWbegin . var_and_const_declar statement_declar KWend

    $預設  使用規則 100 以縮減 (vacd_start)

    var_and_const_declar  進入狀態 37
    vacd_start            進入狀態 11


狀態 33

   71 define_func: func_name Lparenthese . arg_list Rparenthese func_ret_type SEMICOLON compound_statement KWend IDENT

    IDENT  偏移，並進入狀態 26

    $預設  使用規則 33 以縮減 (arg_list)

    var_name    進入狀態 27
    var_list    進入狀態 38
    arg_list    進入狀態 39
    define_arg  進入狀態 40


狀態 34

   29 dfunc_list: define_func dfunc_list .

    $預設  使用規則 29 以縮減 (dfunc_list)


狀態 35

   25 var_list: var_name COMMA . var_list

    IDENT  偏移，並進入狀態 26

    var_name  進入狀態 27
    var_list  進入狀態 41


狀態 36

   68 define_var: KWvar var_list COLON . var_type SEMICOLON
   69 define_array: KWvar var_list COLON . ddim_list var_type SEMICOLON
   70 define_const: KWvar var_list COLON . const_group SEMICOLON

    KWarray     偏移，並進入狀態 42
    KWboolean   偏移，並進入狀態 43
    KWfalse     偏移，並進入狀態 44
    KWinteger   偏移，並進入狀態 45
    KWreal      偏移，並進入狀態 46
    KWstring    偏移，並進入狀態 47
    KWtrue      偏移，並進入狀態 48
    OCTAL       偏移，並進入狀態 49
    INTEGER     偏移，並進入狀態 50
    FLOAT       偏移，並進入狀態 51
    SCIENTIFIC  偏移，並進入狀態 52
    STRING      偏移，並進入狀態 53

    number_const  進入狀態 54
    string_const  進入狀態 55
    bool_const    進入狀態 56
    const_group   進入狀態 57
    scalar_type   進入狀態 58
    var_type      進入狀態 59
    ddim_list     進入狀態 60


狀態 37

  103 compound_statement: compound_statement_start KWbegin var_and_const_declar . statement_declar KWend

    $預設  使用規則 98 以縮減 (statement_start)

    statement_declar  進入狀態 61
    statement_start   進入狀態 62


狀態 38

   72 define_arg: var_list . COLON var_type

    COLON  偏移，並進入狀態 63


狀態 39

   71 define_func: func_name Lparenthese arg_list . Rparenthese func_ret_type SEMICOLON compound_statement KWend IDENT

    Rparenthese  偏移，並進入狀態 64


狀態 40

   31 arg_list: define_arg . SEMICOLON arg_list
   32         | define_arg .

    SEMICOLON  偏移，並進入狀態 65

    $預設  使用規則 32 以縮減 (arg_list)


狀態 41

   25 var_list: var_name COMMA var_list .

    $預設  使用規則 25 以縮減 (var_list)


狀態 42

   27 ddim_list: KWarray . INTEGER KWto INTEGER KWof ddim_list
   28          | KWarray . INTEGER KWto INTEGER KWof

    INTEGER  偏移，並進入狀態 66


狀態 43

   17 scalar_type: KWboolean .

    $預設  使用規則 17 以縮減 (scalar_type)


狀態 44

   10 bool_const: KWfalse .

    $預設  使用規則 10 以縮減 (bool_const)


狀態 45

   14 scalar_type: KWinteger .

    $預設  使用規則 14 以縮減 (scalar_type)


狀態 46

   15 scalar_type: KWreal .

    $預設  使用規則 15 以縮減 (scalar_type)


狀態 47

   16 scalar_type: KWstring .

    $預設  使用規則 16 以縮減 (scalar_type)


狀態 48

    9 bool_const: KWtrue .

    $預設  使用規則 9 以縮減 (bool_const)


狀態 49

    4 number_const: OCTAL .

    $預設  使用規則 4 以縮減 (number_const)


狀態 50

    5 number_const: INTEGER .

    $預設  使用規則 5 以縮減 (number_const)


狀態 51

    6 number_const: FLOAT .

    $預設  使用規則 6 以縮減 (number_const)


狀態 52

    7 number_const: SCIENTIFIC .

    $預設  使用規則 7 以縮減 (number_const)


狀態 53

    8 string_const: STRING .

    $預設  使用規則 8 以縮減 (string_const)


狀態 54

   11 const_group: number_const .

    $預設  使用規則 11 以縮減 (const_group)


狀態 55

   12 const_group: string_const .

    $預設  使用規則 12 以縮減 (const_group)


狀態 56

   13 const_group: bool_const .

    $預設  使用規則 13 以縮減 (const_group)


狀態 57

   70 define_const: KWvar var_list COLON const_group . SEMICOLON

    SEMICOLON  偏移，並進入狀態 67


狀態 58

   18 var_type: scalar_type .

    $預設  使用規則 18 以縮減 (var_type)


狀態 59

   68 define_var: KWvar var_list COLON var_type . SEMICOLON

    SEMICOLON  偏移，並進入狀態 68


狀態 60

   69 define_array: KWvar var_list COLON ddim_list . var_type SEMICOLON

    KWboolean  偏移，並進入狀態 43
    KWinteger  偏移，並進入狀態 45
    KWreal     偏移，並進入狀態 46
    KWstring   偏移，並進入狀態 47

    scalar_type  進入狀態 58
    var_type     進入狀態 69


狀態 61

  103 compound_statement: compound_statement_start KWbegin var_and_const_declar statement_declar . KWend

    KWend  偏移，並進入狀態 70


狀態 62

   97 statement_declar: statement_start . state_list

    KWprint   偏移，並進入狀態 71
    KWread    偏移，並進入狀態 72
    KWreturn  偏移，並進入狀態 73
    IDENT     偏移，並進入狀態 74

    KWbegin  使用規則 104 以縮減 (compound_statement_start)
    KWfor    使用規則 96 以縮減 (for_start)
    KWif     使用規則 91 以縮減 (cond_start)
    KWwhile  使用規則 94 以縮減 (while_start)
    $預設  使用規則 35 以縮減 (state_list)

    var_name                  進入狀態 75
    func_name                 進入狀態 76
    state_list                進入狀態 77
    define_state              進入狀態 78
    simp_statement            進入狀態 79
    var_reference             進入狀態 80
    func_invocation           進入狀態 81
    ret__statement            進入狀態 82
    cond_statement            進入狀態 83
    cond_start                進入狀態 84
    whil_statement            進入狀態 85
    while_start               進入狀態 86
    for__statement            進入狀態 87
    for_start                 進入狀態 88
    compound_statement        進入狀態 89
    compound_statement_start  進入狀態 21


狀態 63

   72 define_arg: var_list COLON . var_type

    KWboolean  偏移，並進入狀態 43
    KWinteger  偏移，並進入狀態 45
    KWreal     偏移，並進入狀態 46
    KWstring   偏移，並進入狀態 47

    scalar_type  進入狀態 58
    var_type     進入狀態 90


狀態 64

   71 define_func: func_name Lparenthese arg_list Rparenthese . func_ret_type SEMICOLON compound_statement KWend IDENT

    COLON  偏移，並進入狀態 91

    $預設  使用規則 20 以縮減 (func_ret_type)

    func_ret_type  進入狀態 92


狀態 65

   31 arg_list: define_arg SEMICOLON . arg_list

    IDENT  偏移，並進入狀態 26

    $預設  使用規則 33 以縮減 (arg_list)

    var_name    進入狀態 27
    var_list    進入狀態 38
    arg_list    進入狀態 93
    define_arg  進入狀態 40


狀態 66

   27 ddim_list: KWarray INTEGER . KWto INTEGER KWof ddim_list
   28          | KWarray INTEGER . KWto INTEGER KWof

    KWto  偏移，並進入狀態 94


狀態 67

   70 define_const: KWvar var_list COLON const_group SEMICOLON .

    $預設  使用規則 70 以縮減 (define_const)


狀態 68

   68 define_var: KWvar var_list COLON var_type SEMICOLON .

    $預設  使用規則 68 以縮減 (define_var)


狀態 69

   69 define_array: KWvar var_list COLON ddim_list var_type . SEMICOLON

    SEMICOLON  偏移，並進入狀態 95


狀態 70

  103 compound_statement: compound_statement_start KWbegin var_and_const_declar statement_declar KWend .

    $預設  使用規則 103 以縮減 (compound_statement)


狀態 71

   81 simp_statement: KWprint . expression_node

    $預設  使用規則 88 以縮減 (expression_start)

    expression_node   進入狀態 96
    expression_start  進入狀態 97


狀態 72

   82 simp_statement: KWread . var_reference

    IDENT  偏移，並進入狀態 26

    var_name       進入狀態 75
    var_reference  進入狀態 98


狀態 73

   86 ret__statement: KWreturn . expression_node

    $預設  使用規則 88 以縮減 (expression_start)

    expression_node   進入狀態 99
    expression_start  進入狀態 97


狀態 74

    2 var_name: IDENT .
    3 func_name: IDENT .

    Lparenthese  使用規則 3 以縮減 (func_name)
    $預設      使用規則 2 以縮減 (var_name)


狀態 75

   83 var_reference: var_name .
   84              | var_name . ref_list

    Lbracket  偏移，並進入狀態 100

    $預設  使用規則 83 以縮減 (var_reference)

    ref_list  進入狀態 101


狀態 76

   85 func_invocation: func_name . Lparenthese expr_list Rparenthese

    Lparenthese  偏移，並進入狀態 102


狀態 77

   97 statement_declar: statement_start state_list .

    $預設  使用規則 97 以縮減 (statement_declar)


狀態 78

   34 state_list: define_state . state_list

    KWprint   偏移，並進入狀態 71
    KWread    偏移，並進入狀態 72
    KWreturn  偏移，並進入狀態 73
    IDENT     偏移，並進入狀態 74

    KWbegin  使用規則 104 以縮減 (compound_statement_start)
    KWfor    使用規則 96 以縮減 (for_start)
    KWif     使用規則 91 以縮減 (cond_start)
    KWwhile  使用規則 94 以縮減 (while_start)
    $預設  使用規則 35 以縮減 (state_list)

    var_name                  進入狀態 75
    func_name                 進入狀態 76
    state_list                進入狀態 103
    define_state              進入狀態 78
    simp_statement            進入狀態 79
    var_reference             進入狀態 80
    func_invocation           進入狀態 81
    ret__statement            進入狀態 82
    cond_statement            進入狀態 83
    cond_start                進入狀態 84
    whil_statement            進入狀態 85
    while_start               進入狀態 86
    for__statement            進入狀態 87
    for_start                 進入狀態 88
    compound_statement        進入狀態 89
    compound_statement_start  進入狀態 21


狀態 79

   74 define_state: simp_statement . SEMICOLON

    SEMICOLON  偏移，並進入狀態 104


狀態 80

   80 simp_statement: var_reference . ASSIGNMENT expression_node

    ASSIGNMENT  偏移，並進入狀態 105


狀態 81

   79 define_state: func_invocation . SEMICOLON

    SEMICOLON  偏移，並進入狀態 106


狀態 82

   78 define_state: ret__statement . SEMICOLON

    SEMICOLON  偏移，並進入狀態 107


狀態 83

   75 define_state: cond_statement .

    $預設  使用規則 75 以縮減 (define_state)


狀態 84

   89 cond_statement: cond_start . KWif expression_node KWthen statement_declar cond_midd KWelse statement_declar KWend KWif
   90               | cond_start . KWif expression_node KWthen statement_declar KWend KWif

    KWif  偏移，並進入狀態 108


狀態 85

   76 define_state: whil_statement .

    $預設  使用規則 76 以縮減 (define_state)


狀態 86

   93 whil_statement: while_start . KWwhile expression_node KWdo statement_declar KWend KWdo

    KWwhile  偏移，並進入狀態 109


狀態 87

   77 define_state: for__statement .

    $預設  使用規則 77 以縮減 (define_state)


狀態 88

   95 for__statement: for_start . KWfor IDENT ASSIGNMENT number_const KWto number_const KWdo statement_declar KWend KWdo

    KWfor  偏移，並進入狀態 110


狀態 89

   73 define_state: compound_statement .

    $預設  使用規則 73 以縮減 (define_state)


狀態 90

   72 define_arg: var_list COLON var_type .

    $預設  使用規則 72 以縮減 (define_arg)


狀態 91

   19 func_ret_type: COLON . scalar_type

    KWboolean  偏移，並進入狀態 43
    KWinteger  偏移，並進入狀態 45
    KWreal     偏移，並進入狀態 46
    KWstring   偏移，並進入狀態 47

    scalar_type  進入狀態 111


狀態 92

   71 define_func: func_name Lparenthese arg_list Rparenthese func_ret_type . SEMICOLON compound_statement KWend IDENT

    SEMICOLON  偏移，並進入狀態 112


狀態 93

   31 arg_list: define_arg SEMICOLON arg_list .

    $預設  使用規則 31 以縮減 (arg_list)


狀態 94

   27 ddim_list: KWarray INTEGER KWto . INTEGER KWof ddim_list
   28          | KWarray INTEGER KWto . INTEGER KWof

    INTEGER  偏移，並進入狀態 113


狀態 95

   69 define_array: KWvar var_list COLON ddim_list var_type SEMICOLON .

    $預設  使用規則 69 以縮減 (define_array)


狀態 96

   81 simp_statement: KWprint expression_node .

    $預設  使用規則 81 以縮減 (simp_statement)


狀態 97

   87 expression_node: expression_start . expression

    Lparenthese  偏移，並進入狀態 114
    OP_DEL       偏移，並進入狀態 115
    TF_NOT       偏移，並進入狀態 116
    KWfalse      偏移，並進入狀態 44
    KWtrue       偏移，並進入狀態 48
    OCTAL        偏移，並進入狀態 49
    INTEGER      偏移，並進入狀態 50
    FLOAT        偏移，並進入狀態 51
    SCIENTIFIC   偏移，並進入狀態 52
    STRING       偏移，並進入狀態 53
    IDENT        偏移，並進入狀態 74

    var_name         進入狀態 75
    func_name        進入狀態 76
    number_const     進入狀態 54
    string_const     進入狀態 55
    bool_const       進入狀態 56
    const_group      進入狀態 117
    expression       進入狀態 118
    expr_order8      進入狀態 119
    expr_order7      進入狀態 120
    expr_order6      進入狀態 121
    expr_order5      進入狀態 122
    expr_order4      進入狀態 123
    expr_order3      進入狀態 124
    expr_order2      進入狀態 125
    expr_order1      進入狀態 126
    var_reference    進入狀態 127
    func_invocation  進入狀態 128


狀態 98

   82 simp_statement: KWread var_reference .

    $預設  使用規則 82 以縮減 (simp_statement)


狀態 99

   86 ret__statement: KWreturn expression_node .

    $預設  使用規則 86 以縮減 (ret__statement)


狀態 100

   39 ref_list: Lbracket . expression_node Rbracket ref_list
   40         | Lbracket . expression_node Rbracket

    $預設  使用規則 88 以縮減 (expression_start)

    expression_node   進入狀態 129
    expression_start  進入狀態 97


狀態 101

   84 var_reference: var_name ref_list .

    $預設  使用規則 84 以縮減 (var_reference)


狀態 102

   85 func_invocation: func_name Lparenthese . expr_list Rparenthese

    Rparenthese  使用規則 38 以縮減 (expr_list)
    $預設      使用規則 88 以縮減 (expression_start)

    expr_list         進入狀態 130
    expression_node   進入狀態 131
    expression_start  進入狀態 97


狀態 103

   34 state_list: define_state state_list .

    $預設  使用規則 34 以縮減 (state_list)


狀態 104

   74 define_state: simp_statement SEMICOLON .

    $預設  使用規則 74 以縮減 (define_state)


狀態 105

   80 simp_statement: var_reference ASSIGNMENT . expression_node

    $預設  使用規則 88 以縮減 (expression_start)

    expression_node   進入狀態 132
    expression_start  進入狀態 97


狀態 106

   79 define_state: func_invocation SEMICOLON .

    $預設  使用規則 79 以縮減 (define_state)


狀態 107

   78 define_state: ret__statement SEMICOLON .

    $預設  使用規則 78 以縮減 (define_state)


狀態 108

   89 cond_statement: cond_start KWif . expression_node KWthen statement_declar cond_midd KWelse statement_declar KWend KWif
   90               | cond_start KWif . expression_node KWthen statement_declar KWend KWif

    $預設  使用規則 88 以縮減 (expression_start)

    expression_node   進入狀態 133
    expression_start  進入狀態 97


狀態 109

   93 whil_statement: while_start KWwhile . expression_node KWdo statement_declar KWend KWdo

    $預設  使用規則 88 以縮減 (expression_start)

    expression_node   進入狀態 134
    expression_start  進入狀態 97


狀態 110

   95 for__statement: for_start KWfor . IDENT ASSIGNMENT number_const KWto number_const KWdo statement_declar KWend KWdo

    IDENT  偏移，並進入狀態 135


狀態 111

   19 func_ret_type: COLON scalar_type .

    $預設  使用規則 19 以縮減 (func_ret_type)


狀態 112

   71 define_func: func_name Lparenthese arg_list Rparenthese func_ret_type SEMICOLON . compound_statement KWend IDENT

    $預設  使用規則 104 以縮減 (compound_statement_start)

    compound_statement        進入狀態 136
    compound_statement_start  進入狀態 21


狀態 113

   27 ddim_list: KWarray INTEGER KWto INTEGER . KWof ddim_list
   28          | KWarray INTEGER KWto INTEGER . KWof

    KWof  偏移，並進入狀態 137


狀態 114

   64 expr_order1: Lparenthese . expression Rparenthese

    Lparenthese  偏移，並進入狀態 114
    OP_DEL       偏移，並進入狀態 115
    TF_NOT       偏移，並進入狀態 116
    KWfalse      偏移，並進入狀態 44
    KWtrue       偏移，並進入狀態 48
    OCTAL        偏移，並進入狀態 49
    INTEGER      偏移，並進入狀態 50
    FLOAT        偏移，並進入狀態 51
    SCIENTIFIC   偏移，並進入狀態 52
    STRING       偏移，並進入狀態 53
    IDENT        偏移，並進入狀態 74

    var_name         進入狀態 75
    func_name        進入狀態 76
    number_const     進入狀態 54
    string_const     進入狀態 55
    bool_const       進入狀態 56
    const_group      進入狀態 117
    expression       進入狀態 138
    expr_order8      進入狀態 119
    expr_order7      進入狀態 120
    expr_order6      進入狀態 121
    expr_order5      進入狀態 122
    expr_order4      進入狀態 123
    expr_order3      進入狀態 124
    expr_order2      進入狀態 125
    expr_order1      進入狀態 126
    var_reference    進入狀態 127
    func_invocation  進入狀態 128


狀態 115

   62 expr_order2: OP_DEL . expr_order1

    Lparenthese  偏移，並進入狀態 114
    KWfalse      偏移，並進入狀態 44
    KWtrue       偏移，並進入狀態 48
    OCTAL        偏移，並進入狀態 49
    INTEGER      偏移，並進入狀態 50
    FLOAT        偏移，並進入狀態 51
    SCIENTIFIC   偏移，並進入狀態 52
    STRING       偏移，並進入狀態 53
    IDENT        偏移，並進入狀態 74

    var_name         進入狀態 75
    func_name        進入狀態 76
    number_const     進入狀態 54
    string_const     進入狀態 55
    bool_const       進入狀態 56
    const_group      進入狀態 117
    expr_order1      進入狀態 139
    var_reference    進入狀態 127
    func_invocation  進入狀態 128


狀態 116

   46 expr_order6: TF_NOT . expr_order5

    Lparenthese  偏移，並進入狀態 114
    OP_DEL       偏移，並進入狀態 115
    KWfalse      偏移，並進入狀態 44
    KWtrue       偏移，並進入狀態 48
    OCTAL        偏移，並進入狀態 49
    INTEGER      偏移，並進入狀態 50
    FLOAT        偏移，並進入狀態 51
    SCIENTIFIC   偏移，並進入狀態 52
    STRING       偏移，並進入狀態 53
    IDENT        偏移，並進入狀態 74

    var_name         進入狀態 75
    func_name        進入狀態 76
    number_const     進入狀態 54
    string_const     進入狀態 55
    bool_const       進入狀態 56
    const_group      進入狀態 117
    expr_order5      進入狀態 140
    expr_order4      進入狀態 123
    expr_order3      進入狀態 124
    expr_order2      進入狀態 125
    expr_order1      進入狀態 126
    var_reference    進入狀態 127
    func_invocation  進入狀態 128


狀態 117

   67 expr_order1: const_group .

    $預設  使用規則 67 以縮減 (expr_order1)


狀態 118

   87 expression_node: expression_start expression .

    $預設  使用規則 87 以縮減 (expression_node)


狀態 119

   41 expression: expr_order8 .
   42 expr_order8: expr_order8 . TF_OR expr_order7

    TF_OR  偏移，並進入狀態 141

    $預設  使用規則 41 以縮減 (expression)


狀態 120

   43 expr_order8: expr_order7 .
   44 expr_order7: expr_order7 . TF_AND expr_order6

    TF_AND  偏移，並進入狀態 142

    $預設  使用規則 43 以縮減 (expr_order8)


狀態 121

   45 expr_order7: expr_order6 .

    $預設  使用規則 45 以縮減 (expr_order7)


狀態 122

   47 expr_order6: expr_order5 .

    $預設  使用規則 47 以縮減 (expr_order6)


狀態 123

   48 expr_order5: expr_order4 . OP_LT expr_order5
   49            | expr_order4 . OP_LE expr_order5
   50            | expr_order4 . OP_GT expr_order5
   51            | expr_order4 . OP_GE expr_order5
   52            | expr_order4 . OP_EQ expr_order5
   53            | expr_order4 . OP_NE expr_order5
   54            | expr_order4 .
   55 expr_order4: expr_order4 . OP_ADD expr_order3
   56            | expr_order4 . OP_DEL expr_order3

    OP_ADD  偏移，並進入狀態 143
    OP_DEL  偏移，並進入狀態 144
    OP_LT   偏移，並進入狀態 145
    OP_LE   偏移，並進入狀態 146
    OP_GT   偏移，並進入狀態 147
    OP_GE   偏移，並進入狀態 148
    OP_EQ   偏移，並進入狀態 149
    OP_NE   偏移，並進入狀態 150

    $預設  使用規則 54 以縮減 (expr_order5)


狀態 124

   57 expr_order4: expr_order3 .
   58 expr_order3: expr_order3 . OP_MUL expr_order2
   59            | expr_order3 . OP_DIV expr_order2
   60            | expr_order3 . OP_MOD expr_order2

    OP_MUL  偏移，並進入狀態 151
    OP_DIV  偏移，並進入狀態 152
    OP_MOD  偏移，並進入狀態 153

    $預設  使用規則 57 以縮減 (expr_order4)


狀態 125

   61 expr_order3: expr_order2 .

    $預設  使用規則 61 以縮減 (expr_order3)


狀態 126

   63 expr_order2: expr_order1 .

    $預設  使用規則 63 以縮減 (expr_order2)


狀態 127

   66 expr_order1: var_reference .

    $預設  使用規則 66 以縮減 (expr_order1)


狀態 128

   65 expr_order1: func_invocation .

    $預設  使用規則 65 以縮減 (expr_order1)


狀態 129

   39 ref_list: Lbracket expression_node . Rbracket ref_list
   40         | Lbracket expression_node . Rbracket

    Rbracket  偏移，並進入狀態 154


狀態 130

   85 func_invocation: func_name Lparenthese expr_list . Rparenthese

    Rparenthese  偏移，並進入狀態 155


狀態 131

   36 expr_list: expression_node . COMMA expr_list
   37          | expression_node .

    COMMA  偏移，並進入狀態 156

    $預設  使用規則 37 以縮減 (expr_list)


狀態 132

   80 simp_statement: var_reference ASSIGNMENT expression_node .

    $預設  使用規則 80 以縮減 (simp_statement)


狀態 133

   89 cond_statement: cond_start KWif expression_node . KWthen statement_declar cond_midd KWelse statement_declar KWend KWif
   90               | cond_start KWif expression_node . KWthen statement_declar KWend KWif

    KWthen  偏移，並進入狀態 157


狀態 134

   93 whil_statement: while_start KWwhile expression_node . KWdo statement_declar KWend KWdo

    KWdo  偏移，並進入狀態 158


狀態 135

   95 for__statement: for_start KWfor IDENT . ASSIGNMENT number_const KWto number_const KWdo statement_declar KWend KWdo

    ASSIGNMENT  偏移，並進入狀態 159


狀態 136

   71 define_func: func_name Lparenthese arg_list Rparenthese func_ret_type SEMICOLON compound_statement . KWend IDENT

    KWend  偏移，並進入狀態 160


狀態 137

   27 ddim_list: KWarray INTEGER KWto INTEGER KWof . ddim_list
   28          | KWarray INTEGER KWto INTEGER KWof .

    KWarray  偏移，並進入狀態 42

    $預設  使用規則 28 以縮減 (ddim_list)

    ddim_list  進入狀態 161


狀態 138

   64 expr_order1: Lparenthese expression . Rparenthese

    Rparenthese  偏移，並進入狀態 162


狀態 139

   62 expr_order2: OP_DEL expr_order1 .

    $預設  使用規則 62 以縮減 (expr_order2)


狀態 140

   46 expr_order6: TF_NOT expr_order5 .

    $預設  使用規則 46 以縮減 (expr_order6)


狀態 141

   42 expr_order8: expr_order8 TF_OR . expr_order7

    Lparenthese  偏移，並進入狀態 114
    OP_DEL       偏移，並進入狀態 115
    TF_NOT       偏移，並進入狀態 116
    KWfalse      偏移，並進入狀態 44
    KWtrue       偏移，並進入狀態 48
    OCTAL        偏移，並進入狀態 49
    INTEGER      偏移，並進入狀態 50
    FLOAT        偏移，並進入狀態 51
    SCIENTIFIC   偏移，並進入狀態 52
    STRING       偏移，並進入狀態 53
    IDENT        偏移，並進入狀態 74

    var_name         進入狀態 75
    func_name        進入狀態 76
    number_const     進入狀態 54
    string_const     進入狀態 55
    bool_const       進入狀態 56
    const_group      進入狀態 117
    expr_order7      進入狀態 163
    expr_order6      進入狀態 121
    expr_order5      進入狀態 122
    expr_order4      進入狀態 123
    expr_order3      進入狀態 124
    expr_order2      進入狀態 125
    expr_order1      進入狀態 126
    var_reference    進入狀態 127
    func_invocation  進入狀態 128


狀態 142

   44 expr_order7: expr_order7 TF_AND . expr_order6

    Lparenthese  偏移，並進入狀態 114
    OP_DEL       偏移，並進入狀態 115
    TF_NOT       偏移，並進入狀態 116
    KWfalse      偏移，並進入狀態 44
    KWtrue       偏移，並進入狀態 48
    OCTAL        偏移，並進入狀態 49
    INTEGER      偏移，並進入狀態 50
    FLOAT        偏移，並進入狀態 51
    SCIENTIFIC   偏移，並進入狀態 52
    STRING       偏移，並進入狀態 53
    IDENT        偏移，並進入狀態 74

    var_name         進入狀態 75
    func_name        進入狀態 76
    number_const     進入狀態 54
    string_const     進入狀態 55
    bool_const       進入狀態 56
    const_group      進入狀態 117
    expr_order6      進入狀態 164
    expr_order5      進入狀態 122
    expr_order4      進入狀態 123
    expr_order3      進入狀態 124
    expr_order2      進入狀態 125
    expr_order1      進入狀態 126
    var_reference    進入狀態 127
    func_invocation  進入狀態 128


狀態 143

   55 expr_order4: expr_order4 OP_ADD . expr_order3

    Lparenthese  偏移，並進入狀態 114
    OP_DEL       偏移，並進入狀態 115
    KWfalse      偏移，並進入狀態 44
    KWtrue       偏移，並進入狀態 48
    OCTAL        偏移，並進入狀態 49
    INTEGER      偏移，並進入狀態 50
    FLOAT        偏移，並進入狀態 51
    SCIENTIFIC   偏移，並進入狀態 52
    STRING       偏移，並進入狀態 53
    IDENT        偏移，並進入狀態 74

    var_name         進入狀態 75
    func_name        進入狀態 76
    number_const     進入狀態 54
    string_const     進入狀態 55
    bool_const       進入狀態 56
    const_group      進入狀態 117
    expr_order3      進入狀態 165
    expr_order2      進入狀態 125
    expr_order1      進入狀態 126
    var_reference    進入狀態 127
    func_invocation  進入狀態 128


狀態 144

   56 expr_order4: expr_order4 OP_DEL . expr_order3

    Lparenthese  偏移，並進入狀態 114
    OP_DEL       偏移，並進入狀態 115
    KWfalse      偏移，並進入狀態 44
    KWtrue       偏移，並進入狀態 48
    OCTAL        偏移，並進入狀態 49
    INTEGER      偏移，並進入狀態 50
    FLOAT        偏移，並進入狀態 51
    SCIENTIFIC   偏移，並進入狀態 52
    STRING       偏移，並進入狀態 53
    IDENT        偏移，並進入狀態 74

    var_name         進入狀態 75
    func_name        進入狀態 76
    number_const     進入狀態 54
    string_const     進入狀態 55
    bool_const       進入狀態 56
    const_group      進入狀態 117
    expr_order3      進入狀態 166
    expr_order2      進入狀態 125
    expr_order1      進入狀態 126
    var_reference    進入狀態 127
    func_invocation  進入狀態 128


狀態 145

   48 expr_order5: expr_order4 OP_LT . expr_order5

    Lparenthese  偏移，並進入狀態 114
    OP_DEL       偏移，並進入狀態 115
    KWfalse      偏移，並進入狀態 44
    KWtrue       偏移，並進入狀態 48
    OCTAL        偏移，並進入狀態 49
    INTEGER      偏移，並進入狀態 50
    FLOAT        偏移，並進入狀態 51
    SCIENTIFIC   偏移，並進入狀態 52
    STRING       偏移，並進入狀態 53
    IDENT        偏移，並進入狀態 74

    var_name         進入狀態 75
    func_name        進入狀態 76
    number_const     進入狀態 54
    string_const     進入狀態 55
    bool_const       進入狀態 56
    const_group      進入狀態 117
    expr_order5      進入狀態 167
    expr_order4      進入狀態 123
    expr_order3      進入狀態 124
    expr_order2      進入狀態 125
    expr_order1      進入狀態 126
    var_reference    進入狀態 127
    func_invocation  進入狀態 128


狀態 146

   49 expr_order5: expr_order4 OP_LE . expr_order5

    Lparenthese  偏移，並進入狀態 114
    OP_DEL       偏移，並進入狀態 115
    KWfalse      偏移，並進入狀態 44
    KWtrue       偏移，並進入狀態 48
    OCTAL        偏移，並進入狀態 49
    INTEGER      偏移，並進入狀態 50
    FLOAT        偏移，並進入狀態 51
    SCIENTIFIC   偏移，並進入狀態 52
    STRING       偏移，並進入狀態 53
    IDENT        偏移，並進入狀態 74

    var_name         進入狀態 75
    func_name        進入狀態 76
    number_const     進入狀態 54
    string_const     進入狀態 55
    bool_const       進入狀態 56
    const_group      進入狀態 117
    expr_order5      進入狀態 168
    expr_order4      進入狀態 123
    expr_order3      進入狀態 124
    expr_order2      進入狀態 125
    expr_order1      進入狀態 126
    var_reference    進入狀態 127
    func_invocation  進入狀態 128


狀態 147

   50 expr_order5: expr_order4 OP_GT . expr_order5

    Lparenthese  偏移，並進入狀態 114
    OP_DEL       偏移，並進入狀態 115
    KWfalse      偏移，並進入狀態 44
    KWtrue       偏移，並進入狀態 48
    OCTAL        偏移，並進入狀態 49
    INTEGER      偏移，並進入狀態 50
    FLOAT        偏移，並進入狀態 51
    SCIENTIFIC   偏移，並進入狀態 52
    STRING       偏移，並進入狀態 53
    IDENT        偏移，並進入狀態 74

    var_name         進入狀態 75
    func_name        進入狀態 76
    number_const     進入狀態 54
    string_const     進入狀態 55
    bool_const       進入狀態 56
    const_group      進入狀態 117
    expr_order5      進入狀態 169
    expr_order4      進入狀態 123
    expr_order3      進入狀態 124
    expr_order2      進入狀態 125
    expr_order1      進入狀態 126
    var_reference    進入狀態 127
    func_invocation  進入狀態 128


狀態 148

   51 expr_order5: expr_order4 OP_GE . expr_order5

    Lparenthese  偏移，並進入狀態 114
    OP_DEL       偏移，並進入狀態 115
    KWfalse      偏移，並進入狀態 44
    KWtrue       偏移，並進入狀態 48
    OCTAL        偏移，並進入狀態 49
    INTEGER      偏移，並進入狀態 50
    FLOAT        偏移，並進入狀態 51
    SCIENTIFIC   偏移，並進入狀態 52
    STRING       偏移，並進入狀態 53
    IDENT        偏移，並進入狀態 74

    var_name         進入狀態 75
    func_name        進入狀態 76
    number_const     進入狀態 54
    string_const     進入狀態 55
    bool_const       進入狀態 56
    const_group      進入狀態 117
    expr_order5      進入狀態 170
    expr_order4      進入狀態 123
    expr_order3      進入狀態 124
    expr_order2      進入狀態 125
    expr_order1      進入狀態 126
    var_reference    進入狀態 127
    func_invocation  進入狀態 128


狀態 149

   52 expr_order5: expr_order4 OP_EQ . expr_order5

    Lparenthese  偏移，並進入狀態 114
    OP_DEL       偏移，並進入狀態 115
    KWfalse      偏移，並進入狀態 44
    KWtrue       偏移，並進入狀態 48
    OCTAL        偏移，並進入狀態 49
    INTEGER      偏移，並進入狀態 50
    FLOAT        偏移，並進入狀態 51
    SCIENTIFIC   偏移，並進入狀態 52
    STRING       偏移，並進入狀態 53
    IDENT        偏移，並進入狀態 74

    var_name         進入狀態 75
    func_name        進入狀態 76
    number_const     進入狀態 54
    string_const     進入狀態 55
    bool_const       進入狀態 56
    const_group      進入狀態 117
    expr_order5      進入狀態 171
    expr_order4      進入狀態 123
    expr_order3      進入狀態 124
    expr_order2      進入狀態 125
    expr_order1      進入狀態 126
    var_reference    進入狀態 127
    func_invocation  進入狀態 128


狀態 150

   53 expr_order5: expr_order4 OP_NE . expr_order5

    Lparenthese  偏移，並進入狀態 114
    OP_DEL       偏移，並進入狀態 115
    KWfalse      偏移，並進入狀態 44
    KWtrue       偏移，並進入狀態 48
    OCTAL        偏移，並進入狀態 49
    INTEGER      偏移，並進入狀態 50
    FLOAT        偏移，並進入狀態 51
    SCIENTIFIC   偏移，並進入狀態 52
    STRING       偏移，並進入狀態 53
    IDENT        偏移，並進入狀態 74

    var_name         進入狀態 75
    func_name        進入狀態 76
    number_const     進入狀態 54
    string_const     進入狀態 55
    bool_const       進入狀態 56
    const_group      進入狀態 117
    expr_order5      進入狀態 172
    expr_order4      進入狀態 123
    expr_order3      進入狀態 124
    expr_order2      進入狀態 125
    expr_order1      進入狀態 126
    var_reference    進入狀態 127
    func_invocation  進入狀態 128


狀態 151

   58 expr_order3: expr_order3 OP_MUL . expr_order2

    Lparenthese  偏移，並進入狀態 114
    OP_DEL       偏移，並進入狀態 115
    KWfalse      偏移，並進入狀態 44
    KWtrue       偏移，並進入狀態 48
    OCTAL        偏移，並進入狀態 49
    INTEGER      偏移，並進入狀態 50
    FLOAT        偏移，並進入狀態 51
    SCIENTIFIC   偏移，並進入狀態 52
    STRING       偏移，並進入狀態 53
    IDENT        偏移，並進入狀態 74

    var_name         進入狀態 75
    func_name        進入狀態 76
    number_const     進入狀態 54
    string_const     進入狀態 55
    bool_const       進入狀態 56
    const_group      進入狀態 117
    expr_order2      進入狀態 173
    expr_order1      進入狀態 126
    var_reference    進入狀態 127
    func_invocation  進入狀態 128


狀態 152

   59 expr_order3: expr_order3 OP_DIV . expr_order2

    Lparenthese  偏移，並進入狀態 114
    OP_DEL       偏移，並進入狀態 115
    KWfalse      偏移，並進入狀態 44
    KWtrue       偏移，並進入狀態 48
    OCTAL        偏移，並進入狀態 49
    INTEGER      偏移，並進入狀態 50
    FLOAT        偏移，並進入狀態 51
    SCIENTIFIC   偏移，並進入狀態 52
    STRING       偏移，並進入狀態 53
    IDENT        偏移，並進入狀態 74

    var_name         進入狀態 75
    func_name        進入狀態 76
    number_const     進入狀態 54
    string_const     進入狀態 55
    bool_const       進入狀態 56
    const_group      進入狀態 117
    expr_order2      進入狀態 174
    expr_order1      進入狀態 126
    var_reference    進入狀態 127
    func_invocation  進入狀態 128


狀態 153

   60 expr_order3: expr_order3 OP_MOD . expr_order2

    Lparenthese  偏移，並進入狀態 114
    OP_DEL       偏移，並進入狀態 115
    KWfalse      偏移，並進入狀態 44
    KWtrue       偏移，並進入狀態 48
    OCTAL        偏移，並進入狀態 49
    INTEGER      偏移，並進入狀態 50
    FLOAT        偏移，並進入狀態 51
    SCIENTIFIC   偏移，並進入狀態 52
    STRING       偏移，並進入狀態 53
    IDENT        偏移，並進入狀態 74

    var_name         進入狀態 75
    func_name        進入狀態 76
    number_const     進入狀態 54
    string_const     進入狀態 55
    bool_const       進入狀態 56
    const_group      進入狀態 117
    expr_order2      進入狀態 175
    expr_order1      進入狀態 126
    var_reference    進入狀態 127
    func_invocation  進入狀態 128


狀態 154

   39 ref_list: Lbracket expression_node Rbracket . ref_list
   40         | Lbracket expression_node Rbracket .

    Lbracket  偏移，並進入狀態 100

    $預設  使用規則 40 以縮減 (ref_list)

    ref_list  進入狀態 176


狀態 155

   85 func_invocation: func_name Lparenthese expr_list Rparenthese .

    $預設  使用規則 85 以縮減 (func_invocation)


狀態 156

   36 expr_list: expression_node COMMA . expr_list

    Rparenthese  使用規則 38 以縮減 (expr_list)
    $預設      使用規則 88 以縮減 (expression_start)

    expr_list         進入狀態 177
    expression_node   進入狀態 131
    expression_start  進入狀態 97


狀態 157

   89 cond_statement: cond_start KWif expression_node KWthen . statement_declar cond_midd KWelse statement_declar KWend KWif
   90               | cond_start KWif expression_node KWthen . statement_declar KWend KWif

    $預設  使用規則 98 以縮減 (statement_start)

    statement_declar  進入狀態 178
    statement_start   進入狀態 62


狀態 158

   93 whil_statement: while_start KWwhile expression_node KWdo . statement_declar KWend KWdo

    $預設  使用規則 98 以縮減 (statement_start)

    statement_declar  進入狀態 179
    statement_start   進入狀態 62


狀態 159

   95 for__statement: for_start KWfor IDENT ASSIGNMENT . number_const KWto number_const KWdo statement_declar KWend KWdo

    OCTAL       偏移，並進入狀態 49
    INTEGER     偏移，並進入狀態 50
    FLOAT       偏移，並進入狀態 51
    SCIENTIFIC  偏移，並進入狀態 52

    number_const  進入狀態 180


狀態 160

   71 define_func: func_name Lparenthese arg_list Rparenthese func_ret_type SEMICOLON compound_statement KWend . IDENT

    IDENT  偏移，並進入狀態 181


狀態 161

   27 ddim_list: KWarray INTEGER KWto INTEGER KWof ddim_list .

    $預設  使用規則 27 以縮減 (ddim_list)


狀態 162

   64 expr_order1: Lparenthese expression Rparenthese .

    $預設  使用規則 64 以縮減 (expr_order1)


狀態 163

   42 expr_order8: expr_order8 TF_OR expr_order7 .
   44 expr_order7: expr_order7 . TF_AND expr_order6

    TF_AND  偏移，並進入狀態 142

    $預設  使用規則 42 以縮減 (expr_order8)


狀態 164

   44 expr_order7: expr_order7 TF_AND expr_order6 .

    $預設  使用規則 44 以縮減 (expr_order7)


狀態 165

   55 expr_order4: expr_order4 OP_ADD expr_order3 .
   58 expr_order3: expr_order3 . OP_MUL expr_order2
   59            | expr_order3 . OP_DIV expr_order2
   60            | expr_order3 . OP_MOD expr_order2

    OP_MUL  偏移，並進入狀態 151
    OP_DIV  偏移，並進入狀態 152
    OP_MOD  偏移，並進入狀態 153

    $預設  使用規則 55 以縮減 (expr_order4)


狀態 166

   56 expr_order4: expr_order4 OP_DEL expr_order3 .
   58 expr_order3: expr_order3 . OP_MUL expr_order2
   59            | expr_order3 . OP_DIV expr_order2
   60            | expr_order3 . OP_MOD expr_order2

    OP_MUL  偏移，並進入狀態 151
    OP_DIV  偏移，並進入狀態 152
    OP_MOD  偏移，並進入狀態 153

    $預設  使用規則 56 以縮減 (expr_order4)


狀態 167

   48 expr_order5: expr_order4 OP_LT expr_order5 .

    $預設  使用規則 48 以縮減 (expr_order5)


狀態 168

   49 expr_order5: expr_order4 OP_LE expr_order5 .

    $預設  使用規則 49 以縮減 (expr_order5)


狀態 169

   50 expr_order5: expr_order4 OP_GT expr_order5 .

    $預設  使用規則 50 以縮減 (expr_order5)


狀態 170

   51 expr_order5: expr_order4 OP_GE expr_order5 .

    $預設  使用規則 51 以縮減 (expr_order5)


狀態 171

   52 expr_order5: expr_order4 OP_EQ expr_order5 .

    $預設  使用規則 52 以縮減 (expr_order5)


狀態 172

   53 expr_order5: expr_order4 OP_NE expr_order5 .

    $預設  使用規則 53 以縮減 (expr_order5)


狀態 173

   58 expr_order3: expr_order3 OP_MUL expr_order2 .

    $預設  使用規則 58 以縮減 (expr_order3)


狀態 174

   59 expr_order3: expr_order3 OP_DIV expr_order2 .

    $預設  使用規則 59 以縮減 (expr_order3)


狀態 175

   60 expr_order3: expr_order3 OP_MOD expr_order2 .

    $預設  使用規則 60 以縮減 (expr_order3)


狀態 176

   39 ref_list: Lbracket expression_node Rbracket ref_list .

    $預設  使用規則 39 以縮減 (ref_list)


狀態 177

   36 expr_list: expression_node COMMA expr_list .

    $預設  使用規則 36 以縮減 (expr_list)


狀態 178

   89 cond_statement: cond_start KWif expression_node KWthen statement_declar . cond_midd KWelse statement_declar KWend KWif
   90               | cond_start KWif expression_node KWthen statement_declar . KWend KWif

    KWend  偏移，並進入狀態 182

    $預設  使用規則 92 以縮減 (cond_midd)

    cond_midd  進入狀態 183


狀態 179

   93 whil_statement: while_start KWwhile expression_node KWdo statement_declar . KWend KWdo

    KWend  偏移，並進入狀態 184


狀態 180

   95 for__statement: for_start KWfor IDENT ASSIGNMENT number_const . KWto number_const KWdo statement_declar KWend KWdo

    KWto  偏移，並進入狀態 185


狀態 181

   71 define_func: func_name Lparenthese arg_list Rparenthese func_ret_type SEMICOLON compound_statement KWend IDENT .

    $預設  使用規則 71 以縮減 (define_func)


狀態 182

   90 cond_statement: cond_start KWif expression_node KWthen statement_declar KWend . KWif

    KWif  偏移，並進入狀態 186


狀態 183

   89 cond_statement: cond_start KWif expression_node KWthen statement_declar cond_midd . KWelse statement_declar KWend KWif

    KWelse  偏移，並進入狀態 187


狀態 184

   93 whil_statement: while_start KWwhile expression_node KWdo statement_declar KWend . KWdo

    KWdo  偏移，並進入狀態 188


狀態 185

   95 for__statement: for_start KWfor IDENT ASSIGNMENT number_const KWto . number_const KWdo statement_declar KWend KWdo

    OCTAL       偏移，並進入狀態 49
    INTEGER     偏移，並進入狀態 50
    FLOAT       偏移，並進入狀態 51
    SCIENTIFIC  偏移，並進入狀態 52

    number_const  進入狀態 189


狀態 186

   90 cond_statement: cond_start KWif expression_node KWthen statement_declar KWend KWif .

    $預設  使用規則 90 以縮減 (cond_statement)


狀態 187

   89 cond_statement: cond_start KWif expression_node KWthen statement_declar cond_midd KWelse . statement_declar KWend KWif

    $預設  使用規則 98 以縮減 (statement_start)

    statement_declar  進入狀態 190
    statement_start   進入狀態 62


狀態 188

   93 whil_statement: while_start KWwhile expression_node KWdo statement_declar KWend KWdo .

    $預設  使用規則 93 以縮減 (whil_statement)


狀態 189

   95 for__statement: for_start KWfor IDENT ASSIGNMENT number_const KWto number_const . KWdo statement_declar KWend KWdo

    KWdo  偏移，並進入狀態 191


狀態 190

   89 cond_statement: cond_start KWif expression_node KWthen statement_declar cond_midd KWelse statement_declar . KWend KWif

    KWend  偏移，並進入狀態 192


狀態 191

   95 for__statement: for_start KWfor IDENT ASSIGNMENT number_const KWto number_const KWdo . statement_declar KWend KWdo

    $預設  使用規則 98 以縮減 (statement_start)

    statement_declar  進入狀態 193
    statement_start   進入狀態 62


狀態 192

   89 cond_statement: cond_start KWif expression_node KWthen statement_declar cond_midd KWelse statement_declar KWend . KWif

    KWif  偏移，並進入狀態 194


狀態 193

   95 for__statement: for_start KWfor IDENT ASSIGNMENT number_const KWto number_const KWdo statement_declar . KWend KWdo

    KWend  偏移，並進入狀態 195


狀態 194

   89 cond_statement: cond_start KWif expression_node KWthen statement_declar cond_midd KWelse statement_declar KWend KWif .

    $預設  使用規則 89 以縮減 (cond_statement)


狀態 195

   95 for__statement: for_start KWfor IDENT ASSIGNMENT number_const KWto number_const KWdo statement_declar KWend . KWdo

    KWdo  偏移，並進入狀態 196


狀態 196

   95 for__statement: for_start KWfor IDENT ASSIGNMENT number_const KWto number_const KWdo statement_declar KWend KWdo .

    $預設  使用規則 95 以縮減 (for__statement)
